This file contains any messages produced by compilers while
running configure, to aid debugging if configure makes a mistake.

It was created by configure, which was
generated by GNU Autoconf 2.69.  Invocation command line was

  $ ./configure --build=x86_64-linux-gnu --prefix=/usr --includedir=${prefix}/include --mandir=${prefix}/share/man --infodir=${prefix}/share/info --sysconfdir=/etc --localstatedir=/var --libdir=${prefix}/lib/x86_64-linux-gnu --libexecdir=${prefix}/lib/x86_64-linux-gnu --disable-maintainer-mode --disable-dependency-tracking --disable-unity

## --------- ##
## Platform. ##
## --------- ##

hostname = bob
uname -m = x86_64
uname -r = 4.7.0-0.bpo.1-amd64
uname -s = Linux
uname -v = #1 SMP Debian 4.7.5-1~bpo8+2 (2016-10-01)

/usr/bin/uname -p = unknown
/bin/uname -X     = unknown

/bin/arch              = unknown
/usr/bin/arch -k       = unknown
/usr/convex/getsysinfo = unknown
/usr/bin/hostinfo      = unknown
/bin/machine           = unknown
/usr/bin/oslevel       = unknown
/bin/universe          = unknown

PATH: /usr/local/bin
PATH: /usr/bin
PATH: /bin
PATH: /usr/local/games
PATH: /usr/games


## ----------- ##
## Core tests. ##
## ----------- ##

configure:2278: checking for a BSD-compatible install
configure:2346: result: /usr/bin/install -c
configure:2357: checking whether build environment is sane
configure:2412: result: yes
configure:2563: checking for a thread-safe mkdir -p
configure:2602: result: /bin/mkdir -p
configure:2609: checking for gawk
configure:2625: found /usr/bin/gawk
configure:2636: result: gawk
configure:2647: checking whether make sets $(MAKE)
configure:2669: result: yes
configure:2698: checking whether make supports nested variables
configure:2715: result: yes
configure:2844: checking whether to enable maintainer-specific portions of Makefiles
configure:2853: result: no
configure:2882: checking for style of include used by make
configure:2910: result: GNU
configure:2981: checking for gcc
configure:2997: found /usr/bin/gcc
configure:3008: result: gcc
configure:3237: checking for C compiler version
configure:3246: gcc --version >&5
gcc (Debian 4.9.2-10) 4.9.2
Copyright (C) 2014 Free Software Foundation, Inc.
This is free software; see the source for copying conditions.  There is NO
warranty; not even for MERCHANTABILITY or FITNESS FOR A PARTICULAR PURPOSE.

configure:3257: $? = 0
configure:3246: gcc -v >&5
Using built-in specs.
COLLECT_GCC=gcc
COLLECT_LTO_WRAPPER=/usr/lib/gcc/x86_64-linux-gnu/4.9/lto-wrapper
Target: x86_64-linux-gnu
Configured with: ../src/configure -v --with-pkgversion='Debian 4.9.2-10' --with-bugurl=file:///usr/share/doc/gcc-4.9/README.Bugs --enable-languages=c,c++,java,go,d,fortran,objc,obj-c++ --prefix=/usr --program-suffix=-4.9 --enable-shared --enable-linker-build-id --libexecdir=/usr/lib --without-included-gettext --enable-threads=posix --with-gxx-include-dir=/usr/include/c++/4.9 --libdir=/usr/lib --enable-nls --with-sysroot=/ --enable-clocale=gnu --enable-libstdcxx-debug --enable-libstdcxx-time=yes --enable-gnu-unique-object --disable-vtable-verify --enable-plugin --with-system-zlib --disable-browser-plugin --enable-java-awt=gtk --enable-gtk-cairo --with-java-home=/usr/lib/jvm/java-1.5.0-gcj-4.9-amd64/jre --enable-java-home --with-jvm-root-dir=/usr/lib/jvm/java-1.5.0-gcj-4.9-amd64 --with-jvm-jar-dir=/usr/lib/jvm-exports/java-1.5.0-gcj-4.9-amd64 --with-arch-directory=amd64 --with-ecj-jar=/usr/share/java/eclipse-ecj.jar --enable-objc-gc --enable-multiarch --with-arch-32=i586 --with-abi=m64 --with-multilib-list=m32,m64,mx32 --enable-multilib --with-tune=generic --enable-checking=release --build=x86_64-linux-gnu --host=x86_64-linux-gnu --target=x86_64-linux-gnu
Thread model: posix
gcc version 4.9.2 (Debian 4.9.2-10) 
configure:3257: $? = 0
configure:3246: gcc -V >&5
gcc: error: unrecognized command line option '-V'
gcc: fatal error: no input files
compilation terminated.
configure:3257: $? = 4
configure:3246: gcc -qversion >&5
gcc: error: unrecognized command line option '-qversion'
gcc: fatal error: no input files
compilation terminated.
configure:3257: $? = 4
configure:3277: checking whether the C compiler works
configure:3299: gcc -Wall -rdynamic -g -O2 -fPIE -fstack-protector-strong -Wformat -Werror=format-security -D_FORTIFY_SOURCE=2 -fPIE -pie -Wl,-z,relro -Wl,-z,now conftest.c -lm  >&5
configure:3303: $? = 0
configure:3351: result: yes
configure:3354: checking for C compiler default output file name
configure:3356: result: a.out
configure:3362: checking for suffix of executables
configure:3369: gcc -o conftest -Wall -rdynamic -g -O2 -fPIE -fstack-protector-strong -Wformat -Werror=format-security -D_FORTIFY_SOURCE=2 -fPIE -pie -Wl,-z,relro -Wl,-z,now conftest.c -lm  >&5
configure:3373: $? = 0
configure:3395: result: 
configure:3417: checking whether we are cross compiling
configure:3425: gcc -o conftest -Wall -rdynamic -g -O2 -fPIE -fstack-protector-strong -Wformat -Werror=format-security -D_FORTIFY_SOURCE=2 -fPIE -pie -Wl,-z,relro -Wl,-z,now conftest.c -lm  >&5
configure:3429: $? = 0
configure:3436: ./conftest
configure:3440: $? = 0
configure:3455: result: no
configure:3460: checking for suffix of object files
configure:3482: gcc -c -Wall -rdynamic -g -O2 -fPIE -fstack-protector-strong -Wformat -Werror=format-security -D_FORTIFY_SOURCE=2 conftest.c >&5
configure:3486: $? = 0
configure:3507: result: o
configure:3511: checking whether we are using the GNU C compiler
configure:3530: gcc -c -Wall -rdynamic -g -O2 -fPIE -fstack-protector-strong -Wformat -Werror=format-security -D_FORTIFY_SOURCE=2 conftest.c >&5
configure:3530: $? = 0
configure:3539: result: yes
configure:3548: checking whether gcc accepts -g
configure:3568: gcc -c -g -D_FORTIFY_SOURCE=2 conftest.c >&5
configure:3568: $? = 0
configure:3609: result: yes
configure:3626: checking for gcc option to accept ISO C89
configure:3689: gcc  -c -Wall -rdynamic -g -O2 -fPIE -fstack-protector-strong -Wformat -Werror=format-security -D_FORTIFY_SOURCE=2 conftest.c >&5
configure:3689: $? = 0
configure:3702: result: none needed
configure:3727: checking whether gcc understands -c and -o together
configure:3749: gcc -c conftest.c -o conftest2.o
configure:3752: $? = 0
configure:3749: gcc -c conftest.c -o conftest2.o
configure:3752: $? = 0
configure:3764: result: yes
configure:3783: checking dependency style of gcc
configure:3894: result: none
configure:3915: checking how to run the C preprocessor
configure:3946: gcc -E -D_FORTIFY_SOURCE=2 conftest.c
configure:3946: $? = 0
configure:3960: gcc -E -D_FORTIFY_SOURCE=2 conftest.c
conftest.c:11:28: fatal error: ac_nonexistent.h: No such file or directory
 #include <ac_nonexistent.h>
                            ^
compilation terminated.
configure:3960: $? = 1
configure: failed program was:
| /* confdefs.h */
| #define PACKAGE_NAME ""
| #define PACKAGE_TARNAME ""
| #define PACKAGE_VERSION ""
| #define PACKAGE_STRING ""
| #define PACKAGE_BUGREPORT ""
| #define PACKAGE_URL ""
| #define PACKAGE "grsync"
| #define VERSION "1.2.5"
| /* end confdefs.h.  */
| #include <ac_nonexistent.h>
configure:3985: result: gcc -E
configure:4005: gcc -E -D_FORTIFY_SOURCE=2 conftest.c
configure:4005: $? = 0
configure:4019: gcc -E -D_FORTIFY_SOURCE=2 conftest.c
conftest.c:11:28: fatal error: ac_nonexistent.h: No such file or directory
 #include <ac_nonexistent.h>
                            ^
compilation terminated.
configure:4019: $? = 1
configure: failed program was:
| /* confdefs.h */
| #define PACKAGE_NAME ""
| #define PACKAGE_TARNAME ""
| #define PACKAGE_VERSION ""
| #define PACKAGE_STRING ""
| #define PACKAGE_BUGREPORT ""
| #define PACKAGE_URL ""
| #define PACKAGE "grsync"
| #define VERSION "1.2.5"
| /* end confdefs.h.  */
| #include <ac_nonexistent.h>
configure:4048: checking for grep that handles long lines and -e
configure:4106: result: /bin/grep
configure:4111: checking for egrep
configure:4173: result: /bin/grep -E
configure:4178: checking for ANSI C header files
configure:4198: gcc -c -Wall -rdynamic -g -O2 -fPIE -fstack-protector-strong -Wformat -Werror=format-security -D_FORTIFY_SOURCE=2 conftest.c >&5
configure:4198: $? = 0
configure:4271: gcc -o conftest -Wall -rdynamic -g -O2 -fPIE -fstack-protector-strong -Wformat -Werror=format-security -D_FORTIFY_SOURCE=2 -fPIE -pie -Wl,-z,relro -Wl,-z,now conftest.c -lm  >&5
configure:4271: $? = 0
configure:4271: ./conftest
configure:4271: $? = 0
configure:4282: result: yes
configure:4295: checking for sys/types.h
configure:4295: gcc -c -Wall -rdynamic -g -O2 -fPIE -fstack-protector-strong -Wformat -Werror=format-security -D_FORTIFY_SOURCE=2 conftest.c >&5
configure:4295: $? = 0
configure:4295: result: yes
configure:4295: checking for sys/stat.h
configure:4295: gcc -c -Wall -rdynamic -g -O2 -fPIE -fstack-protector-strong -Wformat -Werror=format-security -D_FORTIFY_SOURCE=2 conftest.c >&5
configure:4295: $? = 0
configure:4295: result: yes
configure:4295: checking for stdlib.h
configure:4295: gcc -c -Wall -rdynamic -g -O2 -fPIE -fstack-protector-strong -Wformat -Werror=format-security -D_FORTIFY_SOURCE=2 conftest.c >&5
configure:4295: $? = 0
configure:4295: result: yes
configure:4295: checking for string.h
configure:4295: gcc -c -Wall -rdynamic -g -O2 -fPIE -fstack-protector-strong -Wformat -Werror=format-security -D_FORTIFY_SOURCE=2 conftest.c >&5
configure:4295: $? = 0
configure:4295: result: yes
configure:4295: checking for memory.h
configure:4295: gcc -c -Wall -rdynamic -g -O2 -fPIE -fstack-protector-strong -Wformat -Werror=format-security -D_FORTIFY_SOURCE=2 conftest.c >&5
configure:4295: $? = 0
configure:4295: result: yes
configure:4295: checking for strings.h
configure:4295: gcc -c -Wall -rdynamic -g -O2 -fPIE -fstack-protector-strong -Wformat -Werror=format-security -D_FORTIFY_SOURCE=2 conftest.c >&5
configure:4295: $? = 0
configure:4295: result: yes
configure:4295: checking for inttypes.h
configure:4295: gcc -c -Wall -rdynamic -g -O2 -fPIE -fstack-protector-strong -Wformat -Werror=format-security -D_FORTIFY_SOURCE=2 conftest.c >&5
configure:4295: $? = 0
configure:4295: result: yes
configure:4295: checking for stdint.h
configure:4295: gcc -c -Wall -rdynamic -g -O2 -fPIE -fstack-protector-strong -Wformat -Werror=format-security -D_FORTIFY_SOURCE=2 conftest.c >&5
configure:4295: $? = 0
configure:4295: result: yes
configure:4295: checking for unistd.h
configure:4295: gcc -c -Wall -rdynamic -g -O2 -fPIE -fstack-protector-strong -Wformat -Werror=format-security -D_FORTIFY_SOURCE=2 conftest.c >&5
configure:4295: $? = 0
configure:4295: result: yes
configure:4308: checking minix/config.h usability
configure:4308: gcc -c -Wall -rdynamic -g -O2 -fPIE -fstack-protector-strong -Wformat -Werror=format-security -D_FORTIFY_SOURCE=2 conftest.c >&5
conftest.c:54:26: fatal error: minix/config.h: No such file or directory
 #include <minix/config.h>
                          ^
compilation terminated.
configure:4308: $? = 1
configure: failed program was:
| /* confdefs.h */
| #define PACKAGE_NAME ""
| #define PACKAGE_TARNAME ""
| #define PACKAGE_VERSION ""
| #define PACKAGE_STRING ""
| #define PACKAGE_BUGREPORT ""
| #define PACKAGE_URL ""
| #define PACKAGE "grsync"
| #define VERSION "1.2.5"
| #define STDC_HEADERS 1
| #define HAVE_SYS_TYPES_H 1
| #define HAVE_SYS_STAT_H 1
| #define HAVE_STDLIB_H 1
| #define HAVE_STRING_H 1
| #define HAVE_MEMORY_H 1
| #define HAVE_STRINGS_H 1
| #define HAVE_INTTYPES_H 1
| #define HAVE_STDINT_H 1
| #define HAVE_UNISTD_H 1
| /* end confdefs.h.  */
| #include <stdio.h>
| #ifdef HAVE_SYS_TYPES_H
| # include <sys/types.h>
| #endif
| #ifdef HAVE_SYS_STAT_H
| # include <sys/stat.h>
| #endif
| #ifdef STDC_HEADERS
| # include <stdlib.h>
| # include <stddef.h>
| #else
| # ifdef HAVE_STDLIB_H
| #  include <stdlib.h>
| # endif
| #endif
| #ifdef HAVE_STRING_H
| # if !defined STDC_HEADERS && defined HAVE_MEMORY_H
| #  include <memory.h>
| # endif
| # include <string.h>
| #endif
| #ifdef HAVE_STRINGS_H
| # include <strings.h>
| #endif
| #ifdef HAVE_INTTYPES_H
| # include <inttypes.h>
| #endif
| #ifdef HAVE_STDINT_H
| # include <stdint.h>
| #endif
| #ifdef HAVE_UNISTD_H
| # include <unistd.h>
| #endif
| #include <minix/config.h>
configure:4308: result: no
configure:4308: checking minix/config.h presence
configure:4308: gcc -E -D_FORTIFY_SOURCE=2 conftest.c
conftest.c:21:26: fatal error: minix/config.h: No such file or directory
 #include <minix/config.h>
                          ^
compilation terminated.
configure:4308: $? = 1
configure: failed program was:
| /* confdefs.h */
| #define PACKAGE_NAME ""
| #define PACKAGE_TARNAME ""
| #define PACKAGE_VERSION ""
| #define PACKAGE_STRING ""
| #define PACKAGE_BUGREPORT ""
| #define PACKAGE_URL ""
| #define PACKAGE "grsync"
| #define VERSION "1.2.5"
| #define STDC_HEADERS 1
| #define HAVE_SYS_TYPES_H 1
| #define HAVE_SYS_STAT_H 1
| #define HAVE_STDLIB_H 1
| #define HAVE_STRING_H 1
| #define HAVE_MEMORY_H 1
| #define HAVE_STRINGS_H 1
| #define HAVE_INTTYPES_H 1
| #define HAVE_STDINT_H 1
| #define HAVE_UNISTD_H 1
| /* end confdefs.h.  */
| #include <minix/config.h>
configure:4308: result: no
configure:4308: checking for minix/config.h
configure:4308: result: no
configure:4329: checking whether it is safe to define __EXTENSIONS__
configure:4347: gcc -c -Wall -rdynamic -g -O2 -fPIE -fstack-protector-strong -Wformat -Werror=format-security -D_FORTIFY_SOURCE=2 conftest.c >&5
configure:4347: $? = 0
configure:4354: result: yes
configure:4368: checking for library containing strerror
configure:4399: gcc -o conftest -Wall -rdynamic -g -O2 -fPIE -fstack-protector-strong -Wformat -Werror=format-security -D_FORTIFY_SOURCE=2 -fPIE -pie -Wl,-z,relro -Wl,-z,now conftest.c -lm  >&5
configure:4399: $? = 0
configure:4416: result: none required
configure:4472: checking for gcc
configure:4499: result: gcc
configure:4728: checking for C compiler version
configure:4737: gcc --version >&5
gcc (Debian 4.9.2-10) 4.9.2
Copyright (C) 2014 Free Software Foundation, Inc.
This is free software; see the source for copying conditions.  There is NO
warranty; not even for MERCHANTABILITY or FITNESS FOR A PARTICULAR PURPOSE.

configure:4748: $? = 0
configure:4737: gcc -v >&5
Using built-in specs.
COLLECT_GCC=gcc
COLLECT_LTO_WRAPPER=/usr/lib/gcc/x86_64-linux-gnu/4.9/lto-wrapper
Target: x86_64-linux-gnu
Configured with: ../src/configure -v --with-pkgversion='Debian 4.9.2-10' --with-bugurl=file:///usr/share/doc/gcc-4.9/README.Bugs --enable-languages=c,c++,java,go,d,fortran,objc,obj-c++ --prefix=/usr --program-suffix=-4.9 --enable-shared --enable-linker-build-id --libexecdir=/usr/lib --without-included-gettext --enable-threads=posix --with-gxx-include-dir=/usr/include/c++/4.9 --libdir=/usr/lib --enable-nls --with-sysroot=/ --enable-clocale=gnu --enable-libstdcxx-debug --enable-libstdcxx-time=yes --enable-gnu-unique-object --disable-vtable-verify --enable-plugin --with-system-zlib --disable-browser-plugin --enable-java-awt=gtk --enable-gtk-cairo --with-java-home=/usr/lib/jvm/java-1.5.0-gcj-4.9-amd64/jre --enable-java-home --with-jvm-root-dir=/usr/lib/jvm/java-1.5.0-gcj-4.9-amd64 --with-jvm-jar-dir=/usr/lib/jvm-exports/java-1.5.0-gcj-4.9-amd64 --with-arch-directory=amd64 --with-ecj-jar=/usr/share/java/eclipse-ecj.jar --enable-objc-gc --enable-multiarch --with-arch-32=i586 --with-abi=m64 --with-multilib-list=m32,m64,mx32 --enable-multilib --with-tune=generic --enable-checking=release --build=x86_64-linux-gnu --host=x86_64-linux-gnu --target=x86_64-linux-gnu
Thread model: posix
gcc version 4.9.2 (Debian 4.9.2-10) 
configure:4748: $? = 0
configure:4737: gcc -V >&5
gcc: error: unrecognized command line option '-V'
gcc: fatal error: no input files
compilation terminated.
configure:4748: $? = 4
configure:4737: gcc -qversion >&5
gcc: error: unrecognized command line option '-qversion'
gcc: fatal error: no input files
compilation terminated.
configure:4748: $? = 4
configure:4752: checking whether we are using the GNU C compiler
configure:4780: result: yes
configure:4789: checking whether gcc accepts -g
configure:4850: result: yes
configure:4867: checking for gcc option to accept ISO C89
configure:4943: result: none needed
configure:4968: checking whether gcc understands -c and -o together
configure:5005: result: yes
configure:5024: checking dependency style of gcc
configure:5135: result: none
configure:5198: checking for gcc
configure:5225: result: gcc
configure:5454: checking for C compiler version
configure:5463: gcc --version >&5
gcc (Debian 4.9.2-10) 4.9.2
Copyright (C) 2014 Free Software Foundation, Inc.
This is free software; see the source for copying conditions.  There is NO
warranty; not even for MERCHANTABILITY or FITNESS FOR A PARTICULAR PURPOSE.

configure:5474: $? = 0
configure:5463: gcc -v >&5
Using built-in specs.
COLLECT_GCC=gcc
COLLECT_LTO_WRAPPER=/usr/lib/gcc/x86_64-linux-gnu/4.9/lto-wrapper
Target: x86_64-linux-gnu
Configured with: ../src/configure -v --with-pkgversion='Debian 4.9.2-10' --with-bugurl=file:///usr/share/doc/gcc-4.9/README.Bugs --enable-languages=c,c++,java,go,d,fortran,objc,obj-c++ --prefix=/usr --program-suffix=-4.9 --enable-shared --enable-linker-build-id --libexecdir=/usr/lib --without-included-gettext --enable-threads=posix --with-gxx-include-dir=/usr/include/c++/4.9 --libdir=/usr/lib --enable-nls --with-sysroot=/ --enable-clocale=gnu --enable-libstdcxx-debug --enable-libstdcxx-time=yes --enable-gnu-unique-object --disable-vtable-verify --enable-plugin --with-system-zlib --disable-browser-plugin --enable-java-awt=gtk --enable-gtk-cairo --with-java-home=/usr/lib/jvm/java-1.5.0-gcj-4.9-amd64/jre --enable-java-home --with-jvm-root-dir=/usr/lib/jvm/java-1.5.0-gcj-4.9-amd64 --with-jvm-jar-dir=/usr/lib/jvm-exports/java-1.5.0-gcj-4.9-amd64 --with-arch-directory=amd64 --with-ecj-jar=/usr/share/java/eclipse-ecj.jar --enable-objc-gc --enable-multiarch --with-arch-32=i586 --with-abi=m64 --with-multilib-list=m32,m64,mx32 --enable-multilib --with-tune=generic --enable-checking=release --build=x86_64-linux-gnu --host=x86_64-linux-gnu --target=x86_64-linux-gnu
Thread model: posix
gcc version 4.9.2 (Debian 4.9.2-10) 
configure:5474: $? = 0
configure:5463: gcc -V >&5
gcc: error: unrecognized command line option '-V'
gcc: fatal error: no input files
compilation terminated.
configure:5474: $? = 4
configure:5463: gcc -qversion >&5
gcc: error: unrecognized command line option '-qversion'
gcc: fatal error: no input files
compilation terminated.
configure:5474: $? = 4
configure:5478: checking whether we are using the GNU C compiler
configure:5506: result: yes
configure:5515: checking whether gcc accepts -g
configure:5576: result: yes
configure:5593: checking for gcc option to accept ISO C89
configure:5669: result: none needed
configure:5694: checking whether gcc understands -c and -o together
configure:5731: result: yes
configure:5750: checking dependency style of gcc
configure:5861: result: none
configure:5878: checking for ANSI C header files
configure:5982: result: yes
configure:6045: checking for pkg-config
configure:6063: found /usr/bin/pkg-config
configure:6075: result: /usr/bin/pkg-config
configure:6100: checking pkg-config is at least version 0.9.0
configure:6103: result: yes
configure:6112: $PKG_CONFIG --exists --print-errors "maemo-version"
Package maemo-version was not found in the pkg-config search path.
Perhaps you should add the directory containing `maemo-version.pc'
to the PKG_CONFIG_PATH environment variable
No package 'maemo-version' found
configure:6115: $? = 1
configure:6141: Configuring for plain GTK+
configure:6159: checking for PACKAGE
configure:6166: $PKG_CONFIG --exists --print-errors "$pkg_modules"
configure:6169: $? = 0
configure:6183: $PKG_CONFIG --exists --print-errors "$pkg_modules"
configure:6186: $? = 0
configure:6244: result: yes
configure:6420: checking whether NLS is requested
configure:6429: result: yes
configure:6457: checking for intltool-update
configure:6475: found /usr/bin/intltool-update
configure:6487: result: /usr/bin/intltool-update
configure:6497: checking for intltool-merge
configure:6515: found /usr/bin/intltool-merge
configure:6527: result: /usr/bin/intltool-merge
configure:6537: checking for intltool-extract
configure:6555: found /usr/bin/intltool-extract
configure:6567: result: /usr/bin/intltool-extract
configure:6721: checking for xgettext
configure:6739: found /usr/bin/xgettext
configure:6751: result: /usr/bin/xgettext
configure:6761: checking for msgmerge
configure:6779: found /usr/bin/msgmerge
configure:6791: result: /usr/bin/msgmerge
configure:6801: checking for msgfmt
configure:6819: found /usr/bin/msgfmt
configure:6831: result: /usr/bin/msgfmt
configure:6841: checking for gmsgfmt
configure:6872: result: /usr/bin/msgfmt
configure:6892: checking for perl
configure:6910: found /usr/bin/perl
configure:6922: result: /usr/bin/perl
configure:6933: checking for perl >= 5.8.1
configure:6940: result: 5.20.2
configure:6944: checking for XML::Parser
configure:6947: result: ok
configure:6972: gcc -o conftest -Wall -rdynamic -g -O2 -fPIE -fstack-protector-strong -Wformat -Werror=format-security -D_FORTIFY_SOURCE=2 -fPIE -pie -Wl,-z,relro -Wl,-z,now conftest.c -lm  >&5
configure:6972: $? = 0
configure:7011: checking locale.h usability
configure:7011: gcc -c -Wall -rdynamic -g -O2 -fPIE -fstack-protector-strong -Wformat -Werror=format-security -D_FORTIFY_SOURCE=2 conftest.c >&5
configure:7011: $? = 0
configure:7011: result: yes
configure:7011: checking locale.h presence
configure:7011: gcc -E -D_FORTIFY_SOURCE=2 conftest.c
configure:7011: $? = 0
configure:7011: result: yes
configure:7011: checking for locale.h
configure:7011: result: yes
configure:7022: checking for LC_MESSAGES
configure:7038: gcc -o conftest -Wall -rdynamic -g -O2 -fPIE -fstack-protector-strong -Wformat -Werror=format-security -D_FORTIFY_SOURCE=2 -fPIE -pie -Wl,-z,relro -Wl,-z,now conftest.c -lm  >&5
configure:7038: $? = 0
configure:7046: result: yes
configure:7063: checking libintl.h usability
configure:7063: gcc -c -Wall -rdynamic -g -O2 -fPIE -fstack-protector-strong -Wformat -Werror=format-security -D_FORTIFY_SOURCE=2 conftest.c >&5
configure:7063: $? = 0
configure:7063: result: yes
configure:7063: checking libintl.h presence
configure:7063: gcc -E -D_FORTIFY_SOURCE=2 conftest.c
configure:7063: $? = 0
configure:7063: result: yes
configure:7063: checking for libintl.h
configure:7063: result: yes
configure:7071: checking for ngettext in libc
configure:7089: gcc -o conftest -Wall -rdynamic -g -O2 -fPIE -fstack-protector-strong -Wformat -Werror=format-security -D_FORTIFY_SOURCE=2 -fPIE -pie -Wl,-z,relro -Wl,-z,now conftest.c -lm  >&5
configure:7089: $? = 0
configure:7098: result: yes
configure:7102: checking for dgettext in libc
configure:7120: gcc -o conftest -Wall -rdynamic -g -O2 -fPIE -fstack-protector-strong -Wformat -Werror=format-security -D_FORTIFY_SOURCE=2 -fPIE -pie -Wl,-z,relro -Wl,-z,now conftest.c -lm  >&5
configure:7120: $? = 0
configure:7129: result: yes
configure:7136: checking for bind_textdomain_codeset
configure:7136: gcc -o conftest -Wall -rdynamic -g -O2 -fPIE -fstack-protector-strong -Wformat -Werror=format-security -D_FORTIFY_SOURCE=2 -fPIE -pie -Wl,-z,relro -Wl,-z,now conftest.c -lm  >&5
configure:7136: $? = 0
configure:7136: result: yes
configure:7412: checking for msgfmt
configure:7439: result: /usr/bin/msgfmt
configure:7450: checking for dcgettext
configure:7450: gcc -o conftest -Wall -rdynamic -g -O2 -fPIE -fstack-protector-strong -Wformat -Werror=format-security -D_FORTIFY_SOURCE=2 -fPIE -pie -Wl,-z,relro -Wl,-z,now conftest.c -lm   >&5
conftest.c:56:6: warning: conflicting types for built-in function 'dcgettext'
 char dcgettext ();
      ^
configure:7450: $? = 0
configure:7450: result: yes
configure:7460: checking if msgfmt accepts -c
configure:7475: $MSGFMT -c -o /dev/null conftest.foo
conftest.foo:3: warning: header field 'Language' missing in header
configure:7478: $? = 0
configure:7480: result: yes
configure:7490: checking for gmsgfmt
configure:7521: result: /usr/bin/msgfmt
configure:7531: checking for xgettext
configure:7558: result: /usr/bin/xgettext
configure:7577: gcc -o conftest -Wall -rdynamic -g -O2 -fPIE -fstack-protector-strong -Wformat -Werror=format-security -D_FORTIFY_SOURCE=2 -fPIE -pie -Wl,-z,relro -Wl,-z,now conftest.c -lm   >&5
configure:7577: $? = 0
configure:7659: checking for catalogs to be installed
configure:7684: result:  nl_NL it_IT zh_CN fr_FR sv_SE nb_NO tr_TR ru_RU de_DE es_ES cs_CZ gl_ES ca_ES pt_BR id_ID hr_HR zh_TW hu_HU
configure:7827: checking that generated files are newer than configure
configure:7833: result: done
configure:7880: creating ./config.status

## ---------------------- ##
## Running config.status. ##
## ---------------------- ##

This file was extended by config.status, which was
generated by GNU Autoconf 2.69.  Invocation command line was

  CONFIG_FILES    = 
  CONFIG_HEADERS  = 
  CONFIG_LINKS    = 
  CONFIG_COMMANDS = 
  $ ./config.status 

on bob

config.status:972: creating Makefile
config.status:972: creating src/Makefile
config.status:972: creating po/Makefile.in
config.status:972: creating grsync.spec
config.status:972: creating grsync.desktop
config.status:972: creating grsync.xml
config.status:972: creating it.opbyte.grsync.service
config.status:972: creating config.h
config.status:1201: executing depfiles commands
config.status:1201: executing default-1 commands
config.status:1201: executing po/stamp-it commands

## ---------------- ##
## Cache variables. ##
## ---------------- ##

ac_cv_c_compiler_gnu=yes
ac_cv_env_CC_set=
ac_cv_env_CC_value=
ac_cv_env_CFLAGS_set=set
ac_cv_env_CFLAGS_value='-g -O2 -fPIE -fstack-protector-strong -Wformat -Werror=format-security'
ac_cv_env_CPPFLAGS_set=set
ac_cv_env_CPPFLAGS_value=-D_FORTIFY_SOURCE=2
ac_cv_env_CPP_set=
ac_cv_env_CPP_value=
ac_cv_env_LDFLAGS_set=set
ac_cv_env_LDFLAGS_value='-fPIE -pie -Wl,-z,relro -Wl,-z,now'
ac_cv_env_LIBS_set=
ac_cv_env_LIBS_value=
ac_cv_env_PACKAGE_CFLAGS_set=
ac_cv_env_PACKAGE_CFLAGS_value=
ac_cv_env_PACKAGE_LIBS_set=
ac_cv_env_PACKAGE_LIBS_value=
ac_cv_env_PKG_CONFIG_LIBDIR_set=
ac_cv_env_PKG_CONFIG_LIBDIR_value=
ac_cv_env_PKG_CONFIG_PATH_set=
ac_cv_env_PKG_CONFIG_PATH_value=
ac_cv_env_PKG_CONFIG_set=
ac_cv_env_PKG_CONFIG_value=
ac_cv_env_UNITY_CFLAGS_set=
ac_cv_env_UNITY_CFLAGS_value=
ac_cv_env_UNITY_LIBS_set=
ac_cv_env_UNITY_LIBS_value=
ac_cv_env_build_alias_set=set
ac_cv_env_build_alias_value=x86_64-linux-gnu
ac_cv_env_host_alias_set=
ac_cv_env_host_alias_value=
ac_cv_env_target_alias_set=
ac_cv_env_target_alias_value=
ac_cv_func_bind_textdomain_codeset=yes
ac_cv_func_dcgettext=yes
ac_cv_header_inttypes_h=yes
ac_cv_header_libintl_h=yes
ac_cv_header_locale_h=yes
ac_cv_header_memory_h=yes
ac_cv_header_minix_config_h=no
ac_cv_header_stdc=yes
ac_cv_header_stdint_h=yes
ac_cv_header_stdlib_h=yes
ac_cv_header_string_h=yes
ac_cv_header_strings_h=yes
ac_cv_header_sys_stat_h=yes
ac_cv_header_sys_types_h=yes
ac_cv_header_unistd_h=yes
ac_cv_objext=o
ac_cv_path_EGREP='/bin/grep -E'
ac_cv_path_GMSGFMT=/usr/bin/msgfmt
ac_cv_path_GREP=/bin/grep
ac_cv_path_INTLTOOL_EXTRACT=/usr/bin/intltool-extract
ac_cv_path_INTLTOOL_MERGE=/usr/bin/intltool-merge
ac_cv_path_INTLTOOL_PERL=/usr/bin/perl
ac_cv_path_INTLTOOL_UPDATE=/usr/bin/intltool-update
ac_cv_path_MSGFMT=/usr/bin/msgfmt
ac_cv_path_MSGMERGE=/usr/bin/msgmerge
ac_cv_path_XGETTEXT=/usr/bin/xgettext
ac_cv_path_ac_pt_PKG_CONFIG=/usr/bin/pkg-config
ac_cv_path_install='/usr/bin/install -c'
ac_cv_path_mkdir=/bin/mkdir
ac_cv_prog_AWK=gawk
ac_cv_prog_CPP='gcc -E'
ac_cv_prog_ac_ct_CC=gcc
ac_cv_prog_cc_c89=
ac_cv_prog_cc_g=yes
ac_cv_prog_make_make_set=yes
ac_cv_safe_to_define___extensions__=yes
ac_cv_search_strerror='none required'
am_cv_CC_dependencies_compiler_type=none
am_cv_make_support_nested_variables=yes
am_cv_prog_cc_c_o=yes
am_cv_prog_cc_stdc=
am_cv_val_LC_MESSAGES=yes
gt_cv_func_dgettext_libc=yes
gt_cv_func_dgettext_libintl=no
gt_cv_func_ngettext_libc=yes
gt_cv_have_gettext=yes
pkg_cv_PACKAGE_CFLAGS='-pthread -I/usr/include/gtk-2.0 -I/usr/lib/x86_64-linux-gnu/gtk-2.0/include -I/usr/include/gio-unix-2.0/ -I/usr/include/cairo -I/usr/include/pango-1.0 -I/usr/include/atk-1.0 -I/usr/include/cairo -I/usr/include/pixman-1 -I/usr/include/libpng12 -I/usr/include/gdk-pixbuf-2.0 -I/usr/include/libpng12 -I/usr/include/pango-1.0 -I/usr/include/harfbuzz -I/usr/include/pango-1.0 -I/usr/include/glib-2.0 -I/usr/lib/x86_64-linux-gnu/glib-2.0/include -I/usr/include/freetype2 '
pkg_cv_PACKAGE_LIBS='-lgtk-x11-2.0 -lgdk-x11-2.0 -lpangocairo-1.0 -latk-1.0 -lcairo -lgdk_pixbuf-2.0 -lgio-2.0 -lpangoft2-1.0 -lpango-1.0 -lgobject-2.0 -lglib-2.0 -lfontconfig -lfreetype '

## ----------------- ##
## Output variables. ##
## ----------------- ##

ACLOCAL='${SHELL} /usr/src/Discreete-Linux/Eigene-Pakete/grsync/grsync-1.2.5/missing aclocal-1.14'
ALL_LINGUAS='nl_NL it_IT zh_CN fr_FR sv_SE nb_NO tr_TR ru_RU de_DE es_ES cs_CZ gl_ES ca_ES pt_BR id_ID hr_HR zh_TW hu_HU'
AMDEPBACKSLASH=''
AMDEP_FALSE=''
AMDEP_TRUE='#'
AMTAR='$${TAR-tar}'
AM_BACKSLASH='\'
AM_DEFAULT_V='$(AM_DEFAULT_VERBOSITY)'
AM_DEFAULT_VERBOSITY='1'
AM_V='$(V)'
AUTOCONF='${SHELL} /usr/src/Discreete-Linux/Eigene-Pakete/grsync/grsync-1.2.5/missing autoconf'
AUTOHEADER='${SHELL} /usr/src/Discreete-Linux/Eigene-Pakete/grsync/grsync-1.2.5/missing autoheader'
AUTOMAKE='${SHELL} /usr/src/Discreete-Linux/Eigene-Pakete/grsync/grsync-1.2.5/missing automake-1.14'
AWK='gawk'
CATALOGS=' nl_NL.gmo it_IT.gmo zh_CN.gmo fr_FR.gmo sv_SE.gmo nb_NO.gmo tr_TR.gmo ru_RU.gmo de_DE.gmo es_ES.gmo cs_CZ.gmo gl_ES.gmo ca_ES.gmo pt_BR.gmo id_ID.gmo hr_HR.gmo zh_TW.gmo hu_HU.gmo'
CATOBJEXT='.gmo'
CC='gcc'
CCDEPMODE='depmode=none'
CFLAGS='-Wall -rdynamic -g -O2 -fPIE -fstack-protector-strong -Wformat -Werror=format-security'
CPP='gcc -E'
CPPFLAGS='-D_FORTIFY_SOURCE=2'
CYGPATH_W='echo'
DATADIRNAME='share'
DBUSSERVICEDIR=''
DEFS='-DHAVE_CONFIG_H'
DEPDIR='.deps'
ECHO_C=''
ECHO_N='-n'
ECHO_T=''
EGREP='/bin/grep -E'
EXEEXT=''
GETTEXT_PACKAGE='grsync'
GMOFILES=' nl_NL.gmo it_IT.gmo zh_CN.gmo fr_FR.gmo sv_SE.gmo nb_NO.gmo tr_TR.gmo ru_RU.gmo de_DE.gmo es_ES.gmo cs_CZ.gmo gl_ES.gmo ca_ES.gmo pt_BR.gmo id_ID.gmo hr_HR.gmo zh_TW.gmo hu_HU.gmo'
GMSGFMT='/usr/bin/msgfmt'
GREP='/bin/grep'
HAVE_UNITY_FALSE=''
HAVE_UNITY_TRUE='#'
INSTALL_DATA='${INSTALL} -m 644'
INSTALL_PROGRAM='${INSTALL}'
INSTALL_SCRIPT='${INSTALL}'
INSTALL_STRIP_PROGRAM='$(install_sh) -c -s'
INSTOBJEXT='.mo'
INTLLIBS=''
INTLTOOL_CAVES_RULE='%.caves:     %.caves.in     $(INTLTOOL_MERGE) $(wildcard $(top_srcdir)/po/*.po) ; $(INTLTOOL_V_MERGE)LC_ALL=C $(INTLTOOL_MERGE) $(INTLTOOL_V_MERGE_OPTIONS) -d -u -c $(top_builddir)/po/.intltool-merge-cache $(top_srcdir)/po $< $@'
INTLTOOL_DESKTOP_RULE='%.desktop:   %.desktop.in   $(INTLTOOL_MERGE) $(wildcard $(top_srcdir)/po/*.po) ; $(INTLTOOL_V_MERGE)LC_ALL=C $(INTLTOOL_MERGE) $(INTLTOOL_V_MERGE_OPTIONS) -d -u -c $(top_builddir)/po/.intltool-merge-cache $(top_srcdir)/po $< $@'
INTLTOOL_DIRECTORY_RULE='%.directory: %.directory.in $(INTLTOOL_MERGE) $(wildcard $(top_srcdir)/po/*.po) ; $(INTLTOOL_V_MERGE)LC_ALL=C $(INTLTOOL_MERGE) $(INTLTOOL_V_MERGE_OPTIONS) -d -u -c $(top_builddir)/po/.intltool-merge-cache $(top_srcdir)/po $< $@'
INTLTOOL_EXTRACT='/usr/bin/intltool-extract'
INTLTOOL_KBD_RULE='%.kbd:       %.kbd.in       $(INTLTOOL_MERGE) $(wildcard $(top_srcdir)/po/*.po) ; $(INTLTOOL_V_MERGE)LC_ALL=C $(INTLTOOL_MERGE) $(INTLTOOL_V_MERGE_OPTIONS) -x -u -m -c $(top_builddir)/po/.intltool-merge-cache $(top_srcdir)/po $< $@'
INTLTOOL_KEYS_RULE='%.keys:      %.keys.in      $(INTLTOOL_MERGE) $(wildcard $(top_srcdir)/po/*.po) ; $(INTLTOOL_V_MERGE)LC_ALL=C $(INTLTOOL_MERGE) $(INTLTOOL_V_MERGE_OPTIONS) -k -u -c $(top_builddir)/po/.intltool-merge-cache $(top_srcdir)/po $< $@'
INTLTOOL_MERGE='/usr/bin/intltool-merge'
INTLTOOL_OAF_RULE='%.oaf:       %.oaf.in       $(INTLTOOL_MERGE) $(wildcard $(top_srcdir)/po/*.po) ; $(INTLTOOL_V_MERGE)LC_ALL=C $(INTLTOOL_MERGE) $(INTLTOOL_V_MERGE_OPTIONS) -o -p $(top_srcdir)/po $< $@'
INTLTOOL_PERL='/usr/bin/perl'
INTLTOOL_POLICY_RULE='%.policy:    %.policy.in    $(INTLTOOL_MERGE) $(wildcard $(top_srcdir)/po/*.po) ; $(INTLTOOL_V_MERGE)LC_ALL=C $(INTLTOOL_MERGE) $(INTLTOOL_V_MERGE_OPTIONS) -x -u -c $(top_builddir)/po/.intltool-merge-cache $(top_srcdir)/po $< $@'
INTLTOOL_PONG_RULE='%.pong:      %.pong.in      $(INTLTOOL_MERGE) $(wildcard $(top_srcdir)/po/*.po) ; $(INTLTOOL_V_MERGE)LC_ALL=C $(INTLTOOL_MERGE) $(INTLTOOL_V_MERGE_OPTIONS) -x -u -c $(top_builddir)/po/.intltool-merge-cache $(top_srcdir)/po $< $@'
INTLTOOL_PROP_RULE='%.prop:      %.prop.in      $(INTLTOOL_MERGE) $(wildcard $(top_srcdir)/po/*.po) ; $(INTLTOOL_V_MERGE)LC_ALL=C $(INTLTOOL_MERGE) $(INTLTOOL_V_MERGE_OPTIONS) -d -u -c $(top_builddir)/po/.intltool-merge-cache $(top_srcdir)/po $< $@'
INTLTOOL_SCHEMAS_RULE='%.schemas:   %.schemas.in   $(INTLTOOL_MERGE) $(wildcard $(top_srcdir)/po/*.po) ; $(INTLTOOL_V_MERGE)LC_ALL=C $(INTLTOOL_MERGE) $(INTLTOOL_V_MERGE_OPTIONS) -s -u -c $(top_builddir)/po/.intltool-merge-cache $(top_srcdir)/po $< $@'
INTLTOOL_SERVER_RULE='%.server:    %.server.in    $(INTLTOOL_MERGE) $(wildcard $(top_srcdir)/po/*.po) ; $(INTLTOOL_V_MERGE)LC_ALL=C $(INTLTOOL_MERGE) $(INTLTOOL_V_MERGE_OPTIONS) -o -u -c $(top_builddir)/po/.intltool-merge-cache $(top_srcdir)/po $< $@'
INTLTOOL_SERVICE_RULE='%.service: %.service.in   $(INTLTOOL_MERGE) $(wildcard $(top_srcdir)/po/*.po) ; $(INTLTOOL_V_MERGE)LC_ALL=C $(INTLTOOL_MERGE) $(INTLTOOL_V_MERGE_OPTIONS) -d -u -c $(top_builddir)/po/.intltool-merge-cache $(top_srcdir)/po $< $@'
INTLTOOL_SHEET_RULE='%.sheet:     %.sheet.in     $(INTLTOOL_MERGE) $(wildcard $(top_srcdir)/po/*.po) ; $(INTLTOOL_V_MERGE)LC_ALL=C $(INTLTOOL_MERGE) $(INTLTOOL_V_MERGE_OPTIONS) -x -u -c $(top_builddir)/po/.intltool-merge-cache $(top_srcdir)/po $< $@'
INTLTOOL_SOUNDLIST_RULE='%.soundlist: %.soundlist.in $(INTLTOOL_MERGE) $(wildcard $(top_srcdir)/po/*.po) ; $(INTLTOOL_V_MERGE)LC_ALL=C $(INTLTOOL_MERGE) $(INTLTOOL_V_MERGE_OPTIONS) -d -u -c $(top_builddir)/po/.intltool-merge-cache $(top_srcdir)/po $< $@'
INTLTOOL_THEME_RULE='%.theme:     %.theme.in     $(INTLTOOL_MERGE) $(wildcard $(top_srcdir)/po/*.po) ; $(INTLTOOL_V_MERGE)LC_ALL=C $(INTLTOOL_MERGE) $(INTLTOOL_V_MERGE_OPTIONS) -d -u -c $(top_builddir)/po/.intltool-merge-cache $(top_srcdir)/po $< $@'
INTLTOOL_UI_RULE='%.ui:        %.ui.in        $(INTLTOOL_MERGE) $(wildcard $(top_srcdir)/po/*.po) ; $(INTLTOOL_V_MERGE)LC_ALL=C $(INTLTOOL_MERGE) $(INTLTOOL_V_MERGE_OPTIONS) -x -u -c $(top_builddir)/po/.intltool-merge-cache $(top_srcdir)/po $< $@'
INTLTOOL_UPDATE='/usr/bin/intltool-update'
INTLTOOL_V_MERGE='$(INTLTOOL__v_MERGE_$(V))'
INTLTOOL_V_MERGE_OPTIONS='$(intltool__v_merge_options_$(V))'
INTLTOOL_XAM_RULE='%.xam:       %.xml.in       $(INTLTOOL_MERGE) $(wildcard $(top_srcdir)/po/*.po) ; $(INTLTOOL_V_MERGE)LC_ALL=C $(INTLTOOL_MERGE) $(INTLTOOL_V_MERGE_OPTIONS) -x -u -c $(top_builddir)/po/.intltool-merge-cache $(top_srcdir)/po $< $@'
INTLTOOL_XML_NOMERGE_RULE='%.xml:       %.xml.in       $(INTLTOOL_MERGE) ; $(INTLTOOL_V_MERGE)LC_ALL=C $(INTLTOOL_MERGE) $(INTLTOOL_V_MERGE_OPTIONS) -x -u --no-translations $< $@'
INTLTOOL_XML_RULE='%.xml:       %.xml.in       $(INTLTOOL_MERGE) $(wildcard $(top_srcdir)/po/*.po) ; $(INTLTOOL_V_MERGE)LC_ALL=C $(INTLTOOL_MERGE) $(INTLTOOL_V_MERGE_OPTIONS) -x -u -c $(top_builddir)/po/.intltool-merge-cache $(top_srcdir)/po $< $@'
INTLTOOL__v_MERGE_0='@echo "  ITMRG " $@;'
INTLTOOL__v_MERGE_='$(INTLTOOL__v_MERGE_$(AM_DEFAULT_VERBOSITY))'
LDFLAGS='-fPIE -pie -Wl,-z,relro -Wl,-z,now'
LIBOBJS=''
LIBS='-lm '
LTLIBOBJS=''
MAEMO='0'
MAEMO_FALSE=''
MAEMO_TRUE='#'
MAINT='#'
MAINTAINER_MODE_FALSE=''
MAINTAINER_MODE_TRUE='#'
MAKEINFO='${SHELL} /usr/src/Discreete-Linux/Eigene-Pakete/grsync/grsync-1.2.5/missing makeinfo'
MIMEINFO_XMLNS='xmlns='\''http://www.freedesktop.org/standards/shared-mime-info'\'''
MIME_OSSOCAT=''
MKDIR_P='/bin/mkdir -p'
MKINSTALLDIRS='./mkinstalldirs'
MSGFMT='/usr/bin/msgfmt'
MSGFMT_OPTS='-c'
MSGMERGE='/usr/bin/msgmerge'
OBJEXT='o'
OTHER_DESKTOP_ENTRIES='Icon=grsync.png'
PACKAGE='grsync'
PACKAGE_BUGREPORT=''
PACKAGE_CFLAGS='-pthread -I/usr/include/gtk-2.0 -I/usr/lib/x86_64-linux-gnu/gtk-2.0/include -I/usr/include/gio-unix-2.0/ -I/usr/include/cairo -I/usr/include/pango-1.0 -I/usr/include/atk-1.0 -I/usr/include/cairo -I/usr/include/pixman-1 -I/usr/include/libpng12 -I/usr/include/gdk-pixbuf-2.0 -I/usr/include/libpng12 -I/usr/include/pango-1.0 -I/usr/include/harfbuzz -I/usr/include/pango-1.0 -I/usr/include/glib-2.0 -I/usr/lib/x86_64-linux-gnu/glib-2.0/include -I/usr/include/freetype2 '
PACKAGE_LIBS='-lgtk-x11-2.0 -lgdk-x11-2.0 -lpangocairo-1.0 -latk-1.0 -lcairo -lgdk_pixbuf-2.0 -lgio-2.0 -lpangoft2-1.0 -lpango-1.0 -lgobject-2.0 -lglib-2.0 -lfontconfig -lfreetype '
PACKAGE_NAME=''
PACKAGE_STRING=''
PACKAGE_TARNAME=''
PACKAGE_URL=''
PACKAGE_VERSION=''
PATH_SEPARATOR=':'
PKG_CONFIG='/usr/bin/pkg-config'
PKG_CONFIG_LIBDIR=''
PKG_CONFIG_PATH=''
POFILES=' nl_NL.po it_IT.po zh_CN.po fr_FR.po sv_SE.po nb_NO.po tr_TR.po ru_RU.po de_DE.po es_ES.po cs_CZ.po gl_ES.po ca_ES.po pt_BR.po id_ID.po hr_HR.po zh_TW.po hu_HU.po'
POSUB='po'
PO_IN_DATADIR_FALSE=''
PO_IN_DATADIR_TRUE=''
SET_MAKE=''
SHELL='/bin/bash'
STRIP=''
UNITY_CFLAGS=''
UNITY_LIBS=''
USE_NLS='yes'
VERSION='1.2.5'
XGETTEXT='/usr/bin/xgettext'
XMLFILE='grsync.glade'
ac_ct_CC='gcc'
am__EXEEXT_FALSE=''
am__EXEEXT_TRUE='#'
am__fastdepCC_FALSE=''
am__fastdepCC_TRUE='#'
am__include='include'
am__isrc=''
am__leading_dot='.'
am__nodep=''
am__quote=''
am__tar='$${TAR-tar} chof - "$$tardir"'
am__untar='$${TAR-tar} xf -'
bindir='${exec_prefix}/bin'
build_alias='x86_64-linux-gnu'
datadir='${datarootdir}'
datarootdir='${prefix}/share'
dbusservicedir=''
desktopentrydir=''
docdir='${datarootdir}/doc/${PACKAGE}'
dvidir='${docdir}'
exec_prefix='${prefix}'
hildonpixmapdir=''
host_alias=''
htmldir='${docdir}'
includedir='${prefix}/include'
infodir='${prefix}/share/info'
install_sh='${SHELL} /usr/src/Discreete-Linux/Eigene-Pakete/grsync/grsync-1.2.5/install-sh'
intltool__v_merge_options_0='-q'
intltool__v_merge_options_='$(intltool__v_merge_options_$(AM_DEFAULT_VERBOSITY))'
libdir='${prefix}/lib/x86_64-linux-gnu'
libexecdir='${prefix}/lib/x86_64-linux-gnu'
localedir='${datarootdir}/locale'
localstatedir='/var'
mandir='${prefix}/share/man'
mkdir_p='$(MKDIR_P)'
oldincludedir='/usr/include'
pdfdir='${docdir}'
prefix='/usr'
program_transform_name='s,x,x,'
psdir='${docdir}'
sbindir='${exec_prefix}/sbin'
sharedstatedir='${prefix}/com'
sysconfdir='/etc'
target_alias=''

## ----------- ##
## confdefs.h. ##
## ----------- ##

/* confdefs.h */
#define PACKAGE_NAME ""
#define PACKAGE_TARNAME ""
#define PACKAGE_VERSION ""
#define PACKAGE_STRING ""
#define PACKAGE_BUGREPORT ""
#define PACKAGE_URL ""
#define PACKAGE "grsync"
#define VERSION "1.2.5"
#define STDC_HEADERS 1
#define HAVE_SYS_TYPES_H 1
#define HAVE_SYS_STAT_H 1
#define HAVE_STDLIB_H 1
#define HAVE_STRING_H 1
#define HAVE_MEMORY_H 1
#define HAVE_STRINGS_H 1
#define HAVE_INTTYPES_H 1
#define HAVE_STDINT_H 1
#define HAVE_UNISTD_H 1
#define __EXTENSIONS__ 1
#define _ALL_SOURCE 1
#define _GNU_SOURCE 1
#define _POSIX_PTHREAD_SEMANTICS 1
#define _TANDEM_SOURCE 1
#define STDC_HEADERS 1
#define XMLFILE "grsync.glade"
#define GETTEXT_PACKAGE "grsync"
#define HAVE_LOCALE_H 1
#define HAVE_LC_MESSAGES 1
#define HAVE_BIND_TEXTDOMAIN_CODESET 1
#define HAVE_GETTEXT 1
#define HAVE_DCGETTEXT 1
#define ENABLE_NLS 1

configure: exit 0
